<?xml version="1.0" encoding="UTF-8"?>
<!-- Generated by org.testng.reporters.JUnitXMLReporter -->
<testsuite ignored="0" hostname="ujjawals-MacBook-Air.local" failures="0" tests="3" name="Default test" time="23.818" errors="0" timestamp="2026-06-12T00:07:25 IST">
  <testcase classname="testcases.FundTransferTest" name="fundTransferTest" time="3.348"/>
  <testcase classname="testcases.FundTransferTest" name="invalidAccountTransferTest" time="3.609"/>
  <testcase classname="testcases.FundTransferTest" name="insufficientBalanceTransferTest" time="3.099"/>
</testsuite> <!-- Default test -->
