<?xml version="1.0" encoding="UTF-8"?>
<!-- Generated by org.testng.reporters.JUnitXMLReporter -->
<testsuite ignored="0" hostname="ujjawals-MacBook-Air.local" failures="0" tests="14" name="Guru99 Tests" time="91.973" errors="0" timestamp="2026-06-12T00:13:44 IST">
  <testcase classname="testcases.LoginTest" name="validLoginTest" time="2.793"/>
  <testcase classname="testcases.LoginTest" name="invalidLoginTest" time="0.525"/>
  <testcase classname="testcases.LoginTest" name="emptyLoginTest" time="0.456"/>
  <testcase classname="testcases.LoginTest" name="excelLoginTest" time="2.194"/>
  <testcase classname="testcases.CustomerTest" name="addCustomerTest" time="8.311"/>
  <testcase classname="testcases.CustomerTest" name="validateCustomerIdTest" time="0.001"/>
  <testcase classname="testcases.AccountTest" name="createAccountTest" time="6.798"/>
  <testcase classname="testcases.AccountTest" name="verifyAccountDetailsTest" time="0.001"/>
  <testcase classname="testcases.TransactionTest" name="depositTest" time="0.186"/>
  <testcase classname="testcases.TransactionTest" name="withdrawalTest" time="2.169"/>
  <testcase classname="testcases.TransactionTest" name="balanceValidationTest" time="0.001"/>
  <testcase classname="testcases.FundTransferTest" name="fundTransferTest" time="2.679"/>
  <testcase classname="testcases.FundTransferTest" name="invalidAccountTransferTest" time="2.426"/>
  <testcase classname="testcases.FundTransferTest" name="insufficientBalanceTransferTest" time="2.505"/>
</testsuite> <!-- Guru99 Tests -->
