<?xml version="1.0" encoding="UTF-8"?>
<!-- Generated by org.testng.reporters.JUnitXMLReporter -->
<testsuite ignored="0" hostname="ujjawals-MacBook-Air.local" failures="0" tests="14" name="Guru99 Tests" time="131.646" errors="0" timestamp="2026-06-12T12:38:49 IST">
  <testcase classname="testcases.LoginTest" name="validLoginTest" time="1.317"/>
  <testcase classname="testcases.LoginTest" name="invalidLoginTest" time="0.688"/>
  <testcase classname="testcases.LoginTest" name="emptyLoginTest" time="0.369"/>
  <testcase classname="testcases.LoginTest" name="excelLoginTest" time="1.563"/>
  <testcase classname="testcases.CustomerTest" name="addCustomerTest" time="8.268"/>
  <testcase classname="testcases.CustomerTest" name="validateCustomerIdTest" time="0.001"/>
  <testcase classname="testcases.AccountTest" name="createAccountTest" time="8.798"/>
  <testcase classname="testcases.AccountTest" name="verifyAccountDetailsTest" time="0.004"/>
  <testcase classname="testcases.TransactionTest" name="depositTest" time="0.227"/>
  <testcase classname="testcases.TransactionTest" name="withdrawalTest" time="3.975"/>
  <testcase classname="testcases.TransactionTest" name="balanceValidationTest" time="0.003"/>
  <testcase classname="testcases.FundTransferTest" name="fundTransferTest" time="11.16"/>
  <testcase classname="testcases.FundTransferTest" name="invalidAccountTransferTest" time="12.58"/>
  <testcase classname="testcases.FundTransferTest" name="insufficientBalanceTransferTest" time="11.073"/>
</testsuite> <!-- Guru99 Tests -->
