<?xml version="1.0" encoding="UTF-8"?>
<testng-results ignored="0" total="2" passed="2" failed="0" skipped="0">
  <reporter-output>
  </reporter-output>
  <suite started-at="2026-06-12T13:17:49 IST" name="Default suite" finished-at="2026-06-12T13:18:01 IST" duration-ms="12560">
    <groups>
    </groups>
    <test started-at="2026-06-12T13:17:49 IST" name="Default test" finished-at="2026-06-12T13:18:01 IST" duration-ms="12560">
      <class name="testcases.AccountTest">
        <test-method is-config="true" signature="setup()[pri:0, instance:testcases.AccountTest@f6efaab]" started-at="2026-06-12T13:17:49 IST" name="setup" finished-at="2026-06-12T13:17:53 IST" duration-ms="4789" status="PASS">
          <reporter-output>
          </reporter-output>
        </test-method> <!-- setup -->
        <test-method signature="createAccountTest()[pri:1, instance:testcases.AccountTest@f6efaab]" started-at="2026-06-12T13:17:53 IST" name="createAccountTest" finished-at="2026-06-12T13:17:58 IST" duration-ms="4516" status="PASS">
          <reporter-output>
          </reporter-output>
        </test-method> <!-- createAccountTest -->
        <test-method is-config="true" signature="tearDown()[pri:0, instance:testcases.AccountTest@f6efaab]" started-at="2026-06-12T13:17:58 IST" name="tearDown" finished-at="2026-06-12T13:17:58 IST" duration-ms="102" status="PASS">
          <reporter-output>
          </reporter-output>
        </test-method> <!-- tearDown -->
        <test-method is-config="true" signature="setup()[pri:0, instance:testcases.AccountTest@f6efaab]" started-at="2026-06-12T13:17:58 IST" name="setup" finished-at="2026-06-12T13:18:01 IST" duration-ms="3031" status="PASS">
          <reporter-output>
          </reporter-output>
        </test-method> <!-- setup -->
        <test-method signature="verifyAccountDetailsTest()[pri:2, instance:testcases.AccountTest@f6efaab]" started-at="2026-06-12T13:18:01 IST" name="verifyAccountDetailsTest" finished-at="2026-06-12T13:18:01 IST" duration-ms="2" status="PASS">
          <reporter-output>
          </reporter-output>
        </test-method> <!-- verifyAccountDetailsTest -->
        <test-method is-config="true" signature="tearDown()[pri:0, instance:testcases.AccountTest@f6efaab]" started-at="2026-06-12T13:18:01 IST" name="tearDown" finished-at="2026-06-12T13:18:01 IST" duration-ms="92" status="PASS">
          <reporter-output>
          </reporter-output>
        </test-method> <!-- tearDown -->
      </class> <!-- testcases.AccountTest -->
    </test> <!-- Default test -->
  </suite> <!-- Default suite -->
</testng-results>
