<?xml version="1.0" encoding="UTF-8"?>
<!-- Generated by org.testng.reporters.JUnitReportReporter -->
<testsuite hostname="ujjawals-MacBook-Air.local" failures="0" tests="2" name="testcases.CustomerTest" time="15.683" errors="0" timestamp="2026-06-12T00:13:44 IST" skipped="0">
  <testcase classname="testcases.CustomerTest" name="addCustomerTest" time="12.291"/>
  <testcase classname="testcases.CustomerTest" name="validateCustomerIdTest" time="3.392"/>
</testsuite> <!-- testcases.CustomerTest -->
