<?xml version="1.0" encoding="UTF-8"?>
<!-- Generated by org.testng.reporters.JUnitReportReporter -->
<testsuite hostname="ujjawals-MacBook-Air.local" failures="0" tests="3" name="testcases.TransactionTest" time="21.636" errors="0" timestamp="2026-06-12T12:38:50 IST" skipped="0">
  <testcase classname="testcases.TransactionTest" name="depositTest" time="5.471"/>
  <testcase classname="testcases.TransactionTest" name="withdrawalTest" time="12.305"/>
  <testcase classname="testcases.TransactionTest" name="balanceValidationTest" time="3.860"/>
</testsuite> <!-- testcases.TransactionTest -->
