<?xml version="1.0" encoding="UTF-8"?>
<!-- Generated by org.testng.reporters.JUnitReportReporter -->
<testsuite hostname="ujjawals-MacBook-Air.local" failures="0" tests="3" name="testcases.FundTransferTest" time="19.716" errors="0" timestamp="2026-06-12T00:13:44 IST" skipped="0">
  <testcase classname="testcases.FundTransferTest" name="fundTransferTest" time="7.110"/>
  <testcase classname="testcases.FundTransferTest" name="invalidAccountTransferTest" time="6.713"/>
  <testcase classname="testcases.FundTransferTest" name="insufficientBalanceTransferTest" time="5.893"/>
</testsuite> <!-- testcases.FundTransferTest -->
