<?xml version="1.0" encoding="UTF-8"?>
<!-- Generated by org.testng.reporters.JUnitReportReporter -->
<testsuite hostname="ujjawals-MacBook-Air.local" failures="0" tests="3" name="testcases.TransactionTest" time="14.368" errors="0" timestamp="2026-06-12T00:13:44 IST" skipped="0">
  <testcase classname="testcases.TransactionTest" name="depositTest" time="3.580"/>
  <testcase classname="testcases.TransactionTest" name="withdrawalTest" time="7.078"/>
  <testcase classname="testcases.TransactionTest" name="balanceValidationTest" time="3.710"/>
</testsuite> <!-- testcases.TransactionTest -->
