<?xml version="1.0" encoding="UTF-8"?>
<!-- Generated by org.testng.reporters.JUnitReportReporter -->
<testsuite hostname="ujjawals-MacBook-Air.local" failures="0" tests="3" name="testcases.FundTransferTest" time="50.481" errors="0" timestamp="2026-06-12T12:38:50 IST" skipped="0">
  <testcase classname="testcases.FundTransferTest" name="fundTransferTest" time="16.526"/>
  <testcase classname="testcases.FundTransferTest" name="invalidAccountTransferTest" time="17.242"/>
  <testcase classname="testcases.FundTransferTest" name="insufficientBalanceTransferTest" time="16.713"/>
</testsuite> <!-- testcases.FundTransferTest -->
