<?xml version="1.0" encoding="UTF-8"?>
<!-- Generated by org.testng.reporters.JUnitReportReporter -->
<testsuite hostname="ujjawals-MacBook-Air.local" failures="0" tests="4" name="testcases.LoginTest" time="26.946" errors="0" timestamp="2026-06-12T00:13:44 IST" skipped="0">
  <testcase classname="testcases.LoginTest" name="validLoginTest" time="6.192"/>
  <testcase classname="testcases.LoginTest" name="invalidLoginTest" time="9.914"/>
  <testcase classname="testcases.LoginTest" name="emptyLoginTest" time="5.213"/>
  <testcase classname="testcases.LoginTest" name="excelLoginTest" time="5.627"/>
</testsuite> <!-- testcases.LoginTest -->
