<?xml version="1.0" encoding="UTF-8"?>
<!-- Generated by org.testng.reporters.JUnitReportReporter -->
<testsuite hostname="ujjawals-MacBook-Air.local" failures="0" tests="4" name="testcases.LoginTest" time="23.667" errors="0" timestamp="2026-06-12T12:38:50 IST" skipped="0">
  <testcase classname="testcases.LoginTest" name="validLoginTest" time="8.273"/>
  <testcase classname="testcases.LoginTest" name="invalidLoginTest" time="5.372"/>
  <testcase classname="testcases.LoginTest" name="emptyLoginTest" time="4.546"/>
  <testcase classname="testcases.LoginTest" name="excelLoginTest" time="5.476"/>
</testsuite> <!-- testcases.LoginTest -->
