<?xml version="1.0" encoding="UTF-8"?>
<!-- Generated by org.testng.reporters.JUnitReportReporter -->
<testsuite hostname="ujjawals-MacBook-Air.local" failures="0" tests="2" name="testcases.AccountTest" time="15.838" errors="0" timestamp="2026-06-12T12:38:50 IST" skipped="0">
  <testcase classname="testcases.AccountTest" name="createAccountTest" time="11.516"/>
  <testcase classname="testcases.AccountTest" name="verifyAccountDetailsTest" time="4.322"/>
</testsuite> <!-- testcases.AccountTest -->
