<?xml version="1.0" encoding="UTF-8"?>
<!-- Generated by org.testng.reporters.JUnitReportReporter -->
<testsuite hostname="ujjawals-MacBook-Air.local" failures="0" tests="2" name="testcases.CustomerTest" time="19.950" errors="0" timestamp="2026-06-12T12:38:50 IST" skipped="0">
  <testcase classname="testcases.CustomerTest" name="addCustomerTest" time="14.341"/>
  <testcase classname="testcases.CustomerTest" name="validateCustomerIdTest" time="5.609"/>
</testsuite> <!-- testcases.CustomerTest -->
