<?xml version="1.0" encoding="UTF-8"?>
<!-- Generated by org.testng.reporters.JUnitReportReporter -->
<testsuite hostname="ujjawals-MacBook-Air.local" failures="0" tests="2" name="testcases.AccountTest" time="15.178" errors="0" timestamp="2026-06-12T00:13:44 IST" skipped="0">
  <testcase classname="testcases.AccountTest" name="createAccountTest" time="11.167"/>
  <testcase classname="testcases.AccountTest" name="verifyAccountDetailsTest" time="4.011"/>
</testsuite> <!-- testcases.AccountTest -->
